[30_6_2018_0:25:37] {INFO} KERNELMAIN - --------------KERNEL CREATED--------------
[30_6_2018_0:25:38] {WARNING} KernelPersistence - Loaded state in 26 ms
[30_6_2018_0:25:39] {INFO} KERNELCOMM - java.io.FileNotFoundException: \dev\urandom (系统找不到指定的路径。)	at java.io.FileInputStream.open(Native Method)
	at java.io.FileInputStream.<init>(FileInputStream.java:138)
	at org.telegram.bot.kernel.KernelComm.<init>(KernelComm.java:88)
	at org.telegram.bot.kernel.TelegramBot.createKernelComm(TelegramBot.java:146)
	at org.telegram.bot.kernel.TelegramBot.init(TelegramBot.java:95)
	at org.telegram.plugins.xuser.XUserBot.start(XUserBot.java:118)
	at com.thinkgem.jeesite.modules.tl.service.BotService.start(BotService.java:183)
	at com.thinkgem.jeesite.modules.tl.service.BotService.getBotByPhone(BotService.java:456)
	at com.thinkgem.jeesite.modules.tl.service.BotService.getGroupidByUrl(BotService.java:545)
	at com.thinkgem.jeesite.modules.tl.service.BotService$$FastClassBySpringCGLIB$$4c083f95.invoke(<generated>)
	at org.springframework.cglib.proxy.MethodProxy.invoke(MethodProxy.java:204)
	at org.springframework.aop.framework.CglibAopProxy$CglibMethodInvocation.invokeJoinpoint(CglibAopProxy.java:720)
	at org.springframework.aop.framework.ReflectiveMethodInvocation.proceed(ReflectiveMethodInvocation.java:157)
	at org.springframework.transaction.interceptor.TransactionInterceptor$1.proceedWithInvocation(TransactionInterceptor.java:99)
	at org.springframework.transaction.interceptor.TransactionAspectSupport.invokeWithinTransaction(TransactionAspectSupport.java:281)
	at org.springframework.transaction.interceptor.TransactionInterceptor.invoke(TransactionInterceptor.java:96)
	at org.springframework.aop.framework.ReflectiveMethodInvocation.proceed(ReflectiveMethodInvocation.java:179)
	at org.springframework.aop.framework.CglibAopProxy$DynamicAdvisedInterceptor.intercept(CglibAopProxy.java:655)
	at com.thinkgem.jeesite.modules.tl.service.BotService$$EnhancerBySpringCGLIB$$49f95405.getGroupidByUrl(<generated>)
	at com.thinkgem.jeesite.modules.tl.service.BotService$$FastClassBySpringCGLIB$$4c083f95.invoke(<generated>)
	at org.springframework.cglib.proxy.MethodProxy.invoke(MethodProxy.java:204)
	at org.springframework.aop.framework.CglibAopProxy$CglibMethodInvocation.invokeJoinpoint(CglibAopProxy.java:720)
	at org.springframework.aop.framework.ReflectiveMethodInvocation.proceed(ReflectiveMethodInvocation.java:157)
	at org.springframework.transaction.interceptor.TransactionInterceptor$1.proceedWithInvocation(TransactionInterceptor.java:99)
	at org.springframework.transaction.interceptor.TransactionAspectSupport.invokeWithinTransaction(TransactionAspectSupport.java:281)
	at org.springframework.transaction.interceptor.TransactionInterceptor.invoke(TransactionInterceptor.java:96)
	at org.springframework.aop.framework.ReflectiveMethodInvocation.proceed(ReflectiveMethodInvocation.java:179)
	at org.springframework.aop.framework.CglibAopProxy$DynamicAdvisedInterceptor.intercept(CglibAopProxy.java:655)
	at com.thinkgem.jeesite.modules.tl.service.BotService$$EnhancerBySpringCGLIB$$e92c6b51.getGroupidByUrl(<generated>)
	at com.thinkgem.jeesite.modules.tl.service.JobTaskService.addTasks(JobTaskService.java:103)
	at com.thinkgem.jeesite.modules.tl.service.JobTaskService$$FastClassBySpringCGLIB$$665a8e9a.invoke(<generated>)
	at org.springframework.cglib.proxy.MethodProxy.invoke(MethodProxy.java:204)
	at org.springframework.aop.framework.CglibAopProxy$CglibMethodInvocation.invokeJoinpoint(CglibAopProxy.java:720)
	at org.springframework.aop.framework.ReflectiveMethodInvocation.proceed(ReflectiveMethodInvocation.java:157)
	at org.springframework.transaction.interceptor.TransactionInterceptor$1.proceedWithInvocation(TransactionInterceptor.java:99)
	at org.springframework.transaction.interceptor.TransactionAspectSupport.invokeWithinTransaction(TransactionAspectSupport.java:281)
	at org.springframework.transaction.interceptor.TransactionInterceptor.invoke(TransactionInterceptor.java:96)
	at org.springframework.aop.framework.ReflectiveMethodInvocation.proceed(ReflectiveMethodInvocation.java:179)
	at org.springframework.aop.framework.CglibAopProxy$DynamicAdvisedInterceptor.intercept(CglibAopProxy.java:655)
	at com.thinkgem.jeesite.modules.tl.service.JobTaskService$$EnhancerBySpringCGLIB$$fd634c34.addTasks(<generated>)
	at com.thinkgem.jeesite.modules.tl.service.JobTaskService$$FastClassBySpringCGLIB$$665a8e9a.invoke(<generated>)
	at org.springframework.cglib.proxy.MethodProxy.invoke(MethodProxy.java:204)
	at org.springframework.aop.framework.CglibAopProxy$CglibMethodInvocation.invokeJoinpoint(CglibAopProxy.java:720)
	at org.springframework.aop.framework.ReflectiveMethodInvocation.proceed(ReflectiveMethodInvocation.java:157)
	at org.springframework.transaction.interceptor.TransactionInterceptor$1.proceedWithInvocation(TransactionInterceptor.java:99)
	at org.springframework.transaction.interceptor.TransactionAspectSupport.invokeWithinTransaction(TransactionAspectSupport.java:281)
	at org.springframework.transaction.interceptor.TransactionInterceptor.invoke(TransactionInterceptor.java:96)
	at org.springframework.aop.framework.ReflectiveMethodInvocation.proceed(ReflectiveMethodInvocation.java:179)
	at org.springframework.aop.framework.CglibAopProxy$DynamicAdvisedInterceptor.intercept(CglibAopProxy.java:655)
	at com.thinkgem.jeesite.modules.tl.service.JobTaskService$$EnhancerBySpringCGLIB$$47d4f3ce.addTasks(<generated>)
	at com.thinkgem.jeesite.modules.tl.service.JobTaskServiceTests.testAddTasks(JobTaskServiceTests.java:42)
	at sun.reflect.NativeMethodAccessorImpl.invoke0(Native Method)
	at sun.reflect.NativeMethodAccessorImpl.invoke(NativeMethodAccessorImpl.java:62)
	at sun.reflect.DelegatingMethodAccessorImpl.invoke(DelegatingMethodAccessorImpl.java:43)
	at java.lang.reflect.Method.invoke(Method.java:483)
	at org.junit.runners.model.FrameworkMethod$1.runReflectiveCall(FrameworkMethod.java:50)
	at org.junit.internal.runners.model.ReflectiveCallable.run(ReflectiveCallable.java:12)
	at org.junit.runners.model.FrameworkMethod.invokeExplosively(FrameworkMethod.java:47)
	at org.junit.internal.runners.statements.InvokeMethod.evaluate(InvokeMethod.java:17)
	at org.junit.internal.runners.statements.RunBefores.evaluate(RunBefores.java:26)
	at org.springframework.test.context.junit4.statements.RunBeforeTestMethodCallbacks.evaluate(RunBeforeTestMethodCallbacks.java:75)
	at org.springframework.test.context.junit4.statements.RunAfterTestMethodCallbacks.evaluate(RunAfterTestMethodCallbacks.java:86)
	at org.springframework.test.context.junit4.statements.SpringRepeat.evaluate(SpringRepeat.java:84)
	at org.junit.runners.ParentRunner.runLeaf(ParentRunner.java:325)
	at org.springframework.test.context.junit4.SpringJUnit4ClassRunner.runChild(SpringJUnit4ClassRunner.java:252)
	at org.springframework.test.context.junit4.SpringJUnit4ClassRunner.runChild(SpringJUnit4ClassRunner.java:94)
	at org.junit.runners.ParentRunner$3.run(ParentRunner.java:290)
	at org.junit.runners.ParentRunner$1.schedule(ParentRunner.java:71)
	at org.junit.runners.ParentRunner.runChildren(ParentRunner.java:288)
	at org.junit.runners.ParentRunner.access$000(ParentRunner.java:58)
	at org.junit.runners.ParentRunner$2.evaluate(ParentRunner.java:268)
	at org.springframework.test.context.junit4.statements.RunBeforeTestClassCallbacks.evaluate(RunBeforeTestClassCallbacks.java:61)
	at org.springframework.test.context.junit4.statements.RunAfterTestClassCallbacks.evaluate(RunAfterTestClassCallbacks.java:70)
	at org.junit.runners.ParentRunner.run(ParentRunner.java:363)
	at org.springframework.test.context.junit4.SpringJUnit4ClassRunner.run(SpringJUnit4ClassRunner.java:191)
	at org.eclipse.jdt.internal.junit4.runner.JUnit4TestReference.run(JUnit4TestReference.java:50)
	at org.eclipse.jdt.internal.junit.runner.TestExecution.run(TestExecution.java:38)
	at org.eclipse.jdt.internal.junit.runner.RemoteTestRunner.runTests(RemoteTestRunner.java:459)
	at org.eclipse.jdt.internal.junit.runner.RemoteTestRunner.runTests(RemoteTestRunner.java:675)
	at org.eclipse.jdt.internal.junit.runner.RemoteTestRunner.run(RemoteTestRunner.java:382)
	at org.eclipse.jdt.internal.junit.runner.RemoteTestRunner.main(RemoteTestRunner.java:192)

[30_6_2018_0:25:39] {INFO} KERNELMAIN - org.telegram.bot.kernel.KernelComm init in 220 ms
[30_6_2018_0:25:39] {INFO} KERNELMAIN - org.telegram.bot.kernel.KernelAuth init in 189 ms
[30_6_2018_0:25:43] {INFO} KERNELMAIN - org.telegram.bot.kernel.KernelComm init in 4756 ms
[30_6_2018_0:25:43] {INFO} KERNELAUTH - Found Auth file
[30_6_2018_0:25:44] {INFO} KERNELMAIN - org.telegram.bot.kernel.KernelAuth started in 5 ms
[30_6_2018_0:25:44] {INFO} KERNELMAIN - org.telegram.bot.kernel.MainHandler init in 39 ms
[30_6_2018_0:25:44] {INFO} KERNELMAIN - ----------------BOT READY-----------------
[30_6_2018_0:25:44] {INFO} KERNELMAIN - org.telegram.bot.kernel.KernelAuth init in 0 ms
[30_6_2018_0:26:14] {WARNING} TELEGRAMAPI - updates.getState#edd4882a
[30_6_2018_0:26:14] {SEVERE} TELEGRAMAPI - java.util.concurrent.TimeoutException	at java.util.concurrent.CompletableFuture.timedAwaitDone(CompletableFuture.java:365)
	at java.util.concurrent.CompletableFuture.get(CompletableFuture.java:2260)
	at org.telegram.api.engine.TelegramApi.doRpcCall(TelegramApi.java:349)
	at org.telegram.api.engine.TelegramApi.doRpcCall(TelegramApi.java:324)
	at org.telegram.api.engine.TelegramApi.doRpcCall(TelegramApi.java:437)
	at org.telegram.api.engine.TelegramApi.doRpcCall(TelegramApi.java:424)
	at org.telegram.bot.kernel.KernelComm.lambda$0(KernelComm.java:172)
	at org.telegram.bot.kernel.KernelComm$$Lambda$5/134083762.call(Unknown Source)
	at java.util.concurrent.FutureTask.run(FutureTask.java:266)
	at java.util.concurrent.ThreadPoolExecutor.runWorker(ThreadPoolExecutor.java:1142)
	at java.util.concurrent.ThreadPoolExecutor$Worker.run(ThreadPoolExecutor.java:617)
	at java.lang.Thread.run(Thread.java:745)

[30_6_2018_0:26:14] {SEVERE} KERNELCOMM - java.util.concurrent.TimeoutException	at java.util.concurrent.CompletableFuture.timedAwaitDone(CompletableFuture.java:365)
	at java.util.concurrent.CompletableFuture.get(CompletableFuture.java:2260)
	at org.telegram.api.engine.TelegramApi.doRpcCall(TelegramApi.java:349)
	at org.telegram.api.engine.TelegramApi.doRpcCall(TelegramApi.java:324)
	at org.telegram.api.engine.TelegramApi.doRpcCall(TelegramApi.java:437)
	at org.telegram.api.engine.TelegramApi.doRpcCall(TelegramApi.java:424)
	at org.telegram.bot.kernel.KernelComm.lambda$0(KernelComm.java:172)
	at org.telegram.bot.kernel.KernelComm$$Lambda$5/134083762.call(Unknown Source)
	at java.util.concurrent.FutureTask.run(FutureTask.java:266)
	at java.util.concurrent.ThreadPoolExecutor.runWorker(ThreadPoolExecutor.java:1142)
	at java.util.concurrent.ThreadPoolExecutor$Worker.run(ThreadPoolExecutor.java:617)
	at java.lang.Thread.run(Thread.java:745)

[30_6_2018_0:26:14] {SEVERE} KERNELHANDLER - Error getting updates state
[30_6_2018_0:26:14] {WARNING} TELEGRAMAPI - contacts.resolveUsername#f93ccba3
[30_6_2018_0:26:14] {SEVERE} TELEGRAMAPI - java.util.concurrent.TimeoutException	at java.util.concurrent.CompletableFuture.timedAwaitDone(CompletableFuture.java:365)
	at java.util.concurrent.CompletableFuture.get(CompletableFuture.java:2260)
	at org.telegram.api.engine.TelegramApi.doRpcCall(TelegramApi.java:349)
	at org.telegram.api.engine.TelegramApi.doRpcCall(TelegramApi.java:324)
	at org.telegram.api.engine.TelegramApi.doRpcCall(TelegramApi.java:437)
	at org.telegram.api.engine.TelegramApi.doRpcCall(TelegramApi.java:424)
	at org.telegram.plugins.xuser.XUserBot.importInvite(XUserBot.java:191)
	at com.thinkgem.jeesite.modules.tl.service.BotService.getGroupidByUrl(BotService.java:546)
	at com.thinkgem.jeesite.modules.tl.service.BotService$$FastClassBySpringCGLIB$$4c083f95.invoke(<generated>)
	at org.springframework.cglib.proxy.MethodProxy.invoke(MethodProxy.java:204)
	at org.springframework.aop.framework.CglibAopProxy$CglibMethodInvocation.invokeJoinpoint(CglibAopProxy.java:720)
	at org.springframework.aop.framework.ReflectiveMethodInvocation.proceed(ReflectiveMethodInvocation.java:157)
	at org.springframework.transaction.interceptor.TransactionInterceptor$1.proceedWithInvocation(TransactionInterceptor.java:99)
	at org.springframework.transaction.interceptor.TransactionAspectSupport.invokeWithinTransaction(TransactionAspectSupport.java:281)
	at org.springframework.transaction.interceptor.TransactionInterceptor.invoke(TransactionInterceptor.java:96)
	at org.springframework.aop.framework.ReflectiveMethodInvocation.proceed(ReflectiveMethodInvocation.java:179)
	at org.springframework.aop.framework.CglibAopProxy$DynamicAdvisedInterceptor.intercept(CglibAopProxy.java:655)
	at com.thinkgem.jeesite.modules.tl.service.BotService$$EnhancerBySpringCGLIB$$49f95405.getGroupidByUrl(<generated>)
	at com.thinkgem.jeesite.modules.tl.service.BotService$$FastClassBySpringCGLIB$$4c083f95.invoke(<generated>)
	at org.springframework.cglib.proxy.MethodProxy.invoke(MethodProxy.java:204)
	at org.springframework.aop.framework.CglibAopProxy$CglibMethodInvocation.invokeJoinpoint(CglibAopProxy.java:720)
	at org.springframework.aop.framework.ReflectiveMethodInvocation.proceed(ReflectiveMethodInvocation.java:157)
	at org.springframework.transaction.interceptor.TransactionInterceptor$1.proceedWithInvocation(TransactionInterceptor.java:99)
	at org.springframework.transaction.interceptor.TransactionAspectSupport.invokeWithinTransaction(TransactionAspectSupport.java:281)
	at org.springframework.transaction.interceptor.TransactionInterceptor.invoke(TransactionInterceptor.java:96)
	at org.springframework.aop.framework.ReflectiveMethodInvocation.proceed(ReflectiveMethodInvocation.java:179)
	at org.springframework.aop.framework.CglibAopProxy$DynamicAdvisedInterceptor.intercept(CglibAopProxy.java:655)
	at com.thinkgem.jeesite.modules.tl.service.BotService$$EnhancerBySpringCGLIB$$e92c6b51.getGroupidByUrl(<generated>)
	at com.thinkgem.jeesite.modules.tl.service.JobTaskService.addTasks(JobTaskService.java:103)
	at com.thinkgem.jeesite.modules.tl.service.JobTaskService$$FastClassBySpringCGLIB$$665a8e9a.invoke(<generated>)
	at org.springframework.cglib.proxy.MethodProxy.invoke(MethodProxy.java:204)
	at org.springframework.aop.framework.CglibAopProxy$CglibMethodInvocation.invokeJoinpoint(CglibAopProxy.java:720)
	at org.springframework.aop.framework.ReflectiveMethodInvocation.proceed(ReflectiveMethodInvocation.java:157)
	at org.springframework.transaction.interceptor.TransactionInterceptor$1.proceedWithInvocation(TransactionInterceptor.java:99)
	at org.springframework.transaction.interceptor.TransactionAspectSupport.invokeWithinTransaction(TransactionAspectSupport.java:281)
	at org.springframework.transaction.interceptor.TransactionInterceptor.invoke(TransactionInterceptor.java:96)
	at org.springframework.aop.framework.ReflectiveMethodInvocation.proceed(ReflectiveMethodInvocation.java:179)
	at org.springframework.aop.framework.CglibAopProxy$DynamicAdvisedInterceptor.intercept(CglibAopProxy.java:655)
	at com.thinkgem.jeesite.modules.tl.service.JobTaskService$$EnhancerBySpringCGLIB$$fd634c34.addTasks(<generated>)
	at com.thinkgem.jeesite.modules.tl.service.JobTaskService$$FastClassBySpringCGLIB$$665a8e9a.invoke(<generated>)
	at org.springframework.cglib.proxy.MethodProxy.invoke(MethodProxy.java:204)
	at org.springframework.aop.framework.CglibAopProxy$CglibMethodInvocation.invokeJoinpoint(CglibAopProxy.java:720)
	at org.springframework.aop.framework.ReflectiveMethodInvocation.proceed(ReflectiveMethodInvocation.java:157)
	at org.springframework.transaction.interceptor.TransactionInterceptor$1.proceedWithInvocation(TransactionInterceptor.java:99)
	at org.springframework.transaction.interceptor.TransactionAspectSupport.invokeWithinTransaction(TransactionAspectSupport.java:281)
	at org.springframework.transaction.interceptor.TransactionInterceptor.invoke(TransactionInterceptor.java:96)
	at org.springframework.aop.framework.ReflectiveMethodInvocation.proceed(ReflectiveMethodInvocation.java:179)
	at org.springframework.aop.framework.CglibAopProxy$DynamicAdvisedInterceptor.intercept(CglibAopProxy.java:655)
	at com.thinkgem.jeesite.modules.tl.service.JobTaskService$$EnhancerBySpringCGLIB$$47d4f3ce.addTasks(<generated>)
	at com.thinkgem.jeesite.modules.tl.service.JobTaskServiceTests.testAddTasks(JobTaskServiceTests.java:42)
	at sun.reflect.NativeMethodAccessorImpl.invoke0(Native Method)
	at sun.reflect.NativeMethodAccessorImpl.invoke(NativeMethodAccessorImpl.java:62)
	at sun.reflect.DelegatingMethodAccessorImpl.invoke(DelegatingMethodAccessorImpl.java:43)
	at java.lang.reflect.Method.invoke(Method.java:483)
	at org.junit.runners.model.FrameworkMethod$1.runReflectiveCall(FrameworkMethod.java:50)
	at org.junit.internal.runners.model.ReflectiveCallable.run(ReflectiveCallable.java:12)
	at org.junit.runners.model.FrameworkMethod.invokeExplosively(FrameworkMethod.java:47)
	at org.junit.internal.runners.statements.InvokeMethod.evaluate(InvokeMethod.java:17)
	at org.junit.internal.runners.statements.RunBefores.evaluate(RunBefores.java:26)
	at org.springframework.test.context.junit4.statements.RunBeforeTestMethodCallbacks.evaluate(RunBeforeTestMethodCallbacks.java:75)
	at org.springframework.test.context.junit4.statements.RunAfterTestMethodCallbacks.evaluate(RunAfterTestMethodCallbacks.java:86)
	at org.springframework.test.context.junit4.statements.SpringRepeat.evaluate(SpringRepeat.java:84)
	at org.junit.runners.ParentRunner.runLeaf(ParentRunner.java:325)
	at org.springframework.test.context.junit4.SpringJUnit4ClassRunner.runChild(SpringJUnit4ClassRunner.java:252)
	at org.springframework.test.context.junit4.SpringJUnit4ClassRunner.runChild(SpringJUnit4ClassRunner.java:94)
	at org.junit.runners.ParentRunner$3.run(ParentRunner.java:290)
	at org.junit.runners.ParentRunner$1.schedule(ParentRunner.java:71)
	at org.junit.runners.ParentRunner.runChildren(ParentRunner.java:288)
	at org.junit.runners.ParentRunner.access$000(ParentRunner.java:58)
	at org.junit.runners.ParentRunner$2.evaluate(ParentRunner.java:268)
	at org.springframework.test.context.junit4.statements.RunBeforeTestClassCallbacks.evaluate(RunBeforeTestClassCallbacks.java:61)
	at org.springframework.test.context.junit4.statements.RunAfterTestClassCallbacks.evaluate(RunAfterTestClassCallbacks.java:70)
	at org.junit.runners.ParentRunner.run(ParentRunner.java:363)
	at org.springframework.test.context.junit4.SpringJUnit4ClassRunner.run(SpringJUnit4ClassRunner.java:191)
	at org.eclipse.jdt.internal.junit4.runner.JUnit4TestReference.run(JUnit4TestReference.java:50)
	at org.eclipse.jdt.internal.junit.runner.TestExecution.run(TestExecution.java:38)
	at org.eclipse.jdt.internal.junit.runner.RemoteTestRunner.runTests(RemoteTestRunner.java:459)
	at org.eclipse.jdt.internal.junit.runner.RemoteTestRunner.runTests(RemoteTestRunner.java:675)
	at org.eclipse.jdt.internal.junit.runner.RemoteTestRunner.run(RemoteTestRunner.java:382)
	at org.eclipse.jdt.internal.junit.runner.RemoteTestRunner.main(RemoteTestRunner.java:192)

[30_6_2018_0:26:27] {SEVERE} MTPROTO - org.telegram.mtproto.transport.TcpContext@6623fdc disconnected, don't send data
[30_6_2018_0:26:31] {SEVERE} MTPROTO - org.telegram.mtproto.transport.TcpContext@7eded539 disconnected, don't send data
[30_6_2018_0:26:31] {SEVERE} MTPROTO - org.telegram.mtproto.transport.TcpContext@1ccb29a0 disconnected, don't send data
[30_6_2018_0:26:36] {SEVERE} MTPROTO - org.telegram.mtproto.transport.TcpContext@719a75bb disconnected, don't send data
[30_6_2018_0:26:36] {SEVERE} MTPROTO - org.telegram.mtproto.transport.TcpContext@6f664473 disconnected, don't send data
[30_6_2018_0:26:37] {SEVERE} MTPROTO - org.telegram.mtproto.transport.TcpContext@69fa24b8 disconnected, don't send data
[30_6_2018_0:26:37] {SEVERE} MTPROTO - org.telegram.mtproto.transport.TcpContext@48e37f51 disconnected, don't send data
[30_6_2018_0:26:37] {SEVERE} MTPROTO - org.telegram.mtproto.transport.TcpContext@7e190f12 disconnected, don't send data
[30_6_2018_0:26:38] {SEVERE} MTPROTO - org.telegram.mtproto.transport.TcpContext@4812f07a disconnected, don't send data
[30_6_2018_0:26:38] {SEVERE} MTPROTO - org.telegram.mtproto.transport.TcpContext@2c07a51d disconnected, don't send data
[30_6_2018_0:26:38] {SEVERE} MTPROTO - org.telegram.mtproto.transport.TcpContext@37d9ea02 disconnected, don't send data
[30_6_2018_0:26:38] {SEVERE} MTPROTO - org.telegram.mtproto.transport.TcpContext@d1b934 disconnected, don't send data
[30_6_2018_0:26:40] {SEVERE} MTPROTO - org.telegram.mtproto.transport.TcpContext@2bc89307 disconnected, don't send data
[30_6_2018_0:26:40] {SEVERE} MTPROTO - org.telegram.mtproto.transport.TcpContext@449df443 disconnected, don't send data
[30_6_2018_0:26:40] {SEVERE} MTPROTO - org.telegram.mtproto.transport.TcpContext@5441034 disconnected, don't send data
[30_6_2018_0:26:41] {SEVERE} MTPROTO - org.telegram.mtproto.transport.TcpContext@17a0eb55 disconnected, don't send data
[30_6_2018_0:26:41] {SEVERE} MTPROTO - org.telegram.mtproto.transport.TcpContext@5bf851f0 disconnected, don't send data
[30_6_2018_0:26:41] {SEVERE} MTPROTO - org.telegram.mtproto.transport.TcpContext@289104c7 disconnected, don't send data
[30_6_2018_0:26:41] {SEVERE} MTPROTO - org.telegram.mtproto.transport.TcpContext@21da9d73 disconnected, don't send data
[30_6_2018_0:26:42] {SEVERE} MTPROTO - org.telegram.mtproto.transport.TcpContext@b7a821f disconnected, don't send data
[30_6_2018_0:26:42] {SEVERE} MTPROTO - org.telegram.mtproto.transport.TcpContext@3a4dc121 disconnected, don't send data
[30_6_2018_0:26:42] {SEVERE} MTPROTO - org.telegram.mtproto.transport.TcpContext@3d8d8036 disconnected, don't send data
[30_6_2018_0:26:42] {SEVERE} MTPROTO - org.telegram.mtproto.transport.TcpContext@8b56726 disconnected, don't send data
[30_6_2018_0:26:43] {SEVERE} MTPROTO - org.telegram.mtproto.transport.TcpContext@2310973e disconnected, don't send data
[30_6_2018_0:26:43] {SEVERE} MTPROTO - org.telegram.mtproto.transport.TcpContext@18746b4 disconnected, don't send data
[30_6_2018_0:26:44] {SEVERE} MTPROTO - org.telegram.mtproto.transport.TcpContext@3590d87c disconnected, don't send data
[30_6_2018_0:26:44] {SEVERE} MTPROTO - org.telegram.mtproto.transport.TcpContext@7daecee disconnected, don't send data
[30_6_2018_0:26:44] {SEVERE} MTPROTO - org.telegram.mtproto.transport.TcpContext@15191b27 disconnected, don't send data
[30_6_2018_0:26:44] {SEVERE} MTPROTO - org.telegram.mtproto.transport.TcpContext@3f6b3dee disconnected, don't send data
[30_6_2018_0:26:45] {SEVERE} MTPROTO - org.telegram.mtproto.transport.TcpContext@7b2c80c8 disconnected, don't send data
[30_6_2018_0:26:45] {SEVERE} MTPROTO - org.telegram.mtproto.transport.TcpContext@6d4a4164 disconnected, don't send data
[30_6_2018_0:26:45] {SEVERE} MTPROTO - org.telegram.mtproto.transport.TcpContext@2af3ec1a disconnected, don't send data
[30_6_2018_0:26:45] {SEVERE} MTPROTO - org.telegram.mtproto.transport.TcpContext@398c82a4 disconnected, don't send data
[30_6_2018_0:29:44] {INFO} KERNELMAIN - --------------KERNEL CREATED--------------
[30_6_2018_0:29:44] {WARNING} KernelPersistence - Loaded state in 4 ms
[30_6_2018_0:29:44] {INFO} KERNELCOMM - java.io.FileNotFoundException: \dev\urandom (系统找不到指定的路径。)	at java.io.FileInputStream.open(Native Method)
	at java.io.FileInputStream.<init>(FileInputStream.java:138)
	at org.telegram.bot.kernel.KernelComm.<init>(KernelComm.java:88)
	at org.telegram.bot.kernel.TelegramBot.createKernelComm(TelegramBot.java:146)
	at org.telegram.bot.kernel.TelegramBot.init(TelegramBot.java:95)
	at org.telegram.plugins.xuser.XUserBot.start(XUserBot.java:118)
	at com.thinkgem.jeesite.modules.tl.service.BotService.start(BotService.java:183)
	at com.thinkgem.jeesite.modules.tl.service.BotService.getBotByPhone(BotService.java:456)
	at com.thinkgem.jeesite.modules.tl.service.BotService.getGroupidByUrl(BotService.java:547)
	at com.thinkgem.jeesite.modules.tl.service.BotService$$FastClassBySpringCGLIB$$4c083f95.invoke(<generated>)
	at org.springframework.cglib.proxy.MethodProxy.invoke(MethodProxy.java:204)
	at org.springframework.aop.framework.CglibAopProxy$CglibMethodInvocation.invokeJoinpoint(CglibAopProxy.java:720)
	at org.springframework.aop.framework.ReflectiveMethodInvocation.proceed(ReflectiveMethodInvocation.java:157)
	at org.springframework.transaction.interceptor.TransactionInterceptor$1.proceedWithInvocation(TransactionInterceptor.java:99)
	at org.springframework.transaction.interceptor.TransactionAspectSupport.invokeWithinTransaction(TransactionAspectSupport.java:281)
	at org.springframework.transaction.interceptor.TransactionInterceptor.invoke(TransactionInterceptor.java:96)
	at org.springframework.aop.framework.ReflectiveMethodInvocation.proceed(ReflectiveMethodInvocation.java:179)
	at org.springframework.aop.framework.CglibAopProxy$DynamicAdvisedInterceptor.intercept(CglibAopProxy.java:655)
	at com.thinkgem.jeesite.modules.tl.service.BotService$$EnhancerBySpringCGLIB$$8fe4d079.getGroupidByUrl(<generated>)
	at com.thinkgem.jeesite.modules.tl.service.BotService$$FastClassBySpringCGLIB$$4c083f95.invoke(<generated>)
	at org.springframework.cglib.proxy.MethodProxy.invoke(MethodProxy.java:204)
	at org.springframework.aop.framework.CglibAopProxy$CglibMethodInvocation.invokeJoinpoint(CglibAopProxy.java:720)
	at org.springframework.aop.framework.ReflectiveMethodInvocation.proceed(ReflectiveMethodInvocation.java:157)
	at org.springframework.transaction.interceptor.TransactionInterceptor$1.proceedWithInvocation(TransactionInterceptor.java:99)
	at org.springframework.transaction.interceptor.TransactionAspectSupport.invokeWithinTransaction(TransactionAspectSupport.java:281)
	at org.springframework.transaction.interceptor.TransactionInterceptor.invoke(TransactionInterceptor.java:96)
	at org.springframework.aop.framework.ReflectiveMethodInvocation.proceed(ReflectiveMethodInvocation.java:179)
	at org.springframework.aop.framework.CglibAopProxy$DynamicAdvisedInterceptor.intercept(CglibAopProxy.java:655)
	at com.thinkgem.jeesite.modules.tl.service.BotService$$EnhancerBySpringCGLIB$$2f17e7c5.getGroupidByUrl(<generated>)
	at com.thinkgem.jeesite.modules.tl.service.JobTaskService.addTasks(JobTaskService.java:103)
	at com.thinkgem.jeesite.modules.tl.service.JobTaskService$$FastClassBySpringCGLIB$$665a8e9a.invoke(<generated>)
	at org.springframework.cglib.proxy.MethodProxy.invoke(MethodProxy.java:204)
	at org.springframework.aop.framework.CglibAopProxy$CglibMethodInvocation.invokeJoinpoint(CglibAopProxy.java:720)
	at org.springframework.aop.framework.ReflectiveMethodInvocation.proceed(ReflectiveMethodInvocation.java:157)
	at org.springframework.transaction.interceptor.TransactionInterceptor$1.proceedWithInvocation(TransactionInterceptor.java:99)
	at org.springframework.transaction.interceptor.TransactionAspectSupport.invokeWithinTransaction(TransactionAspectSupport.java:281)
	at org.springframework.transaction.interceptor.TransactionInterceptor.invoke(TransactionInterceptor.java:96)
	at org.springframework.aop.framework.ReflectiveMethodInvocation.proceed(ReflectiveMethodInvocation.java:179)
	at org.springframework.aop.framework.CglibAopProxy$DynamicAdvisedInterceptor.intercept(CglibAopProxy.java:655)
	at com.thinkgem.jeesite.modules.tl.service.JobTaskService$$EnhancerBySpringCGLIB$$434ec8a8.addTasks(<generated>)
	at com.thinkgem.jeesite.modules.tl.service.JobTaskService$$FastClassBySpringCGLIB$$665a8e9a.invoke(<generated>)
	at org.springframework.cglib.proxy.MethodProxy.invoke(MethodProxy.java:204)
	at org.springframework.aop.framework.CglibAopProxy$CglibMethodInvocation.invokeJoinpoint(CglibAopProxy.java:720)
	at org.springframework.aop.framework.ReflectiveMethodInvocation.proceed(ReflectiveMethodInvocation.java:157)
	at org.springframework.transaction.interceptor.TransactionInterceptor$1.proceedWithInvocation(TransactionInterceptor.java:99)
	at org.springframework.transaction.interceptor.TransactionAspectSupport.invokeWithinTransaction(TransactionAspectSupport.java:281)
	at org.springframework.transaction.interceptor.TransactionInterceptor.invoke(TransactionInterceptor.java:96)
	at org.springframework.aop.framework.ReflectiveMethodInvocation.proceed(ReflectiveMethodInvocation.java:179)
	at org.springframework.aop.framework.CglibAopProxy$DynamicAdvisedInterceptor.intercept(CglibAopProxy.java:655)
	at com.thinkgem.jeesite.modules.tl.service.JobTaskService$$EnhancerBySpringCGLIB$$8dc07042.addTasks(<generated>)
	at com.thinkgem.jeesite.modules.tl.service.JobTaskServiceTests.testAddTasks(JobTaskServiceTests.java:42)
	at sun.reflect.NativeMethodAccessorImpl.invoke0(Native Method)
	at sun.reflect.NativeMethodAccessorImpl.invoke(NativeMethodAccessorImpl.java:62)
	at sun.reflect.DelegatingMethodAccessorImpl.invoke(DelegatingMethodAccessorImpl.java:43)
	at java.lang.reflect.Method.invoke(Method.java:483)
	at org.junit.runners.model.FrameworkMethod$1.runReflectiveCall(FrameworkMethod.java:50)
	at org.junit.internal.runners.model.ReflectiveCallable.run(ReflectiveCallable.java:12)
	at org.junit.runners.model.FrameworkMethod.invokeExplosively(FrameworkMethod.java:47)
	at org.junit.internal.runners.statements.InvokeMethod.evaluate(InvokeMethod.java:17)
	at org.junit.internal.runners.statements.RunBefores.evaluate(RunBefores.java:26)
	at org.springframework.test.context.junit4.statements.RunBeforeTestMethodCallbacks.evaluate(RunBeforeTestMethodCallbacks.java:75)
	at org.springframework.test.context.junit4.statements.RunAfterTestMethodCallbacks.evaluate(RunAfterTestMethodCallbacks.java:86)
	at org.springframework.test.context.junit4.statements.SpringRepeat.evaluate(SpringRepeat.java:84)
	at org.junit.runners.ParentRunner.runLeaf(ParentRunner.java:325)
	at org.springframework.test.context.junit4.SpringJUnit4ClassRunner.runChild(SpringJUnit4ClassRunner.java:252)
	at org.springframework.test.context.junit4.SpringJUnit4ClassRunner.runChild(SpringJUnit4ClassRunner.java:94)
	at org.junit.runners.ParentRunner$3.run(ParentRunner.java:290)
	at org.junit.runners.ParentRunner$1.schedule(ParentRunner.java:71)
	at org.junit.runners.ParentRunner.runChildren(ParentRunner.java:288)
	at org.junit.runners.ParentRunner.access$000(ParentRunner.java:58)
	at org.junit.runners.ParentRunner$2.evaluate(ParentRunner.java:268)
	at org.springframework.test.context.junit4.statements.RunBeforeTestClassCallbacks.evaluate(RunBeforeTestClassCallbacks.java:61)
	at org.springframework.test.context.junit4.statements.RunAfterTestClassCallbacks.evaluate(RunAfterTestClassCallbacks.java:70)
	at org.junit.runners.ParentRunner.run(ParentRunner.java:363)
	at org.springframework.test.context.junit4.SpringJUnit4ClassRunner.run(SpringJUnit4ClassRunner.java:191)
	at org.eclipse.jdt.internal.junit4.runner.JUnit4TestReference.run(JUnit4TestReference.java:50)
	at org.eclipse.jdt.internal.junit.runner.TestExecution.run(TestExecution.java:38)
	at org.eclipse.jdt.internal.junit.runner.RemoteTestRunner.runTests(RemoteTestRunner.java:459)
	at org.eclipse.jdt.internal.junit.runner.RemoteTestRunner.runTests(RemoteTestRunner.java:675)
	at org.eclipse.jdt.internal.junit.runner.RemoteTestRunner.run(RemoteTestRunner.java:382)
	at org.eclipse.jdt.internal.junit.runner.RemoteTestRunner.main(RemoteTestRunner.java:192)

[30_6_2018_0:29:44] {INFO} KERNELMAIN - org.telegram.bot.kernel.KernelComm init in 22 ms
[30_6_2018_0:29:44] {INFO} KERNELMAIN - org.telegram.bot.kernel.KernelAuth init in 7 ms
[30_6_2018_0:29:45] {INFO} KERNELMAIN - org.telegram.bot.kernel.KernelComm init in 698 ms
[30_6_2018_0:29:45] {INFO} KERNELAUTH - Found Auth file
[30_6_2018_0:29:45] {INFO} KERNELMAIN - org.telegram.bot.kernel.KernelAuth started in 2 ms
[30_6_2018_0:29:45] {INFO} KERNELMAIN - org.telegram.bot.kernel.MainHandler init in 12 ms
[30_6_2018_0:29:45] {INFO} KERNELMAIN - ----------------BOT READY-----------------
[30_6_2018_0:29:45] {INFO} KERNELMAIN - org.telegram.bot.kernel.KernelAuth init in 0 ms
[30_6_2018_0:29:54] {WARNING} TELEGRAMAPI - mtproto#1001: onSessionCreated
[30_6_2018_0:30:15] {WARNING} TELEGRAMAPI - updates.getState#edd4882a
[30_6_2018_0:30:15] {SEVERE} TELEGRAMAPI - java.util.concurrent.TimeoutException	at java.util.concurrent.CompletableFuture.timedAwaitDone(CompletableFuture.java:365)
	at java.util.concurrent.CompletableFuture.get(CompletableFuture.java:2260)
	at org.telegram.api.engine.TelegramApi.doRpcCall(TelegramApi.java:349)
	at org.telegram.api.engine.TelegramApi.doRpcCall(TelegramApi.java:324)
	at org.telegram.api.engine.TelegramApi.doRpcCall(TelegramApi.java:437)
	at org.telegram.api.engine.TelegramApi.doRpcCall(TelegramApi.java:424)
	at org.telegram.bot.kernel.KernelComm.lambda$0(KernelComm.java:172)
	at org.telegram.bot.kernel.KernelComm$$Lambda$5/890185926.call(Unknown Source)
	at java.util.concurrent.FutureTask.run(FutureTask.java:266)
	at java.util.concurrent.ThreadPoolExecutor.runWorker(ThreadPoolExecutor.java:1142)
	at java.util.concurrent.ThreadPoolExecutor$Worker.run(ThreadPoolExecutor.java:617)
	at java.lang.Thread.run(Thread.java:745)

[30_6_2018_0:30:15] {SEVERE} KERNELCOMM - java.util.concurrent.TimeoutException	at java.util.concurrent.CompletableFuture.timedAwaitDone(CompletableFuture.java:365)
	at java.util.concurrent.CompletableFuture.get(CompletableFuture.java:2260)
	at org.telegram.api.engine.TelegramApi.doRpcCall(TelegramApi.java:349)
	at org.telegram.api.engine.TelegramApi.doRpcCall(TelegramApi.java:324)
	at org.telegram.api.engine.TelegramApi.doRpcCall(TelegramApi.java:437)
	at org.telegram.api.engine.TelegramApi.doRpcCall(TelegramApi.java:424)
	at org.telegram.bot.kernel.KernelComm.lambda$0(KernelComm.java:172)
	at org.telegram.bot.kernel.KernelComm$$Lambda$5/890185926.call(Unknown Source)
	at java.util.concurrent.FutureTask.run(FutureTask.java:266)
	at java.util.concurrent.ThreadPoolExecutor.runWorker(ThreadPoolExecutor.java:1142)
	at java.util.concurrent.ThreadPoolExecutor$Worker.run(ThreadPoolExecutor.java:617)
	at java.lang.Thread.run(Thread.java:745)

[30_6_2018_0:30:15] {SEVERE} KERNELHANDLER - Error getting updates state
[30_6_2018_0:30:15] {WARNING} TELEGRAMAPI - contacts.resolveUsername#f93ccba3
[30_6_2018_0:30:15] {SEVERE} TELEGRAMAPI - java.util.concurrent.TimeoutException	at java.util.concurrent.CompletableFuture.timedAwaitDone(CompletableFuture.java:365)
	at java.util.concurrent.CompletableFuture.get(CompletableFuture.java:2260)
	at org.telegram.api.engine.TelegramApi.doRpcCall(TelegramApi.java:349)
	at org.telegram.api.engine.TelegramApi.doRpcCall(TelegramApi.java:324)
	at org.telegram.api.engine.TelegramApi.doRpcCall(TelegramApi.java:437)
	at org.telegram.api.engine.TelegramApi.doRpcCall(TelegramApi.java:424)
	at org.telegram.plugins.xuser.XUserBot.importInvite(XUserBot.java:191)
	at com.thinkgem.jeesite.modules.tl.service.BotService.getGroupidByUrl(BotService.java:548)
	at com.thinkgem.jeesite.modules.tl.service.BotService$$FastClassBySpringCGLIB$$4c083f95.invoke(<generated>)
	at org.springframework.cglib.proxy.MethodProxy.invoke(MethodProxy.java:204)
	at org.springframework.aop.framework.CglibAopProxy$CglibMethodInvocation.invokeJoinpoint(CglibAopProxy.java:720)
	at org.springframework.aop.framework.ReflectiveMethodInvocation.proceed(ReflectiveMethodInvocation.java:157)
	at org.springframework.transaction.interceptor.TransactionInterceptor$1.proceedWithInvocation(TransactionInterceptor.java:99)
	at org.springframework.transaction.interceptor.TransactionAspectSupport.invokeWithinTransaction(TransactionAspectSupport.java:281)
	at org.springframework.transaction.interceptor.TransactionInterceptor.invoke(TransactionInterceptor.java:96)
	at org.springframework.aop.framework.ReflectiveMethodInvocation.proceed(ReflectiveMethodInvocation.java:179)
	at org.springframework.aop.framework.CglibAopProxy$DynamicAdvisedInterceptor.intercept(CglibAopProxy.java:655)
	at com.thinkgem.jeesite.modules.tl.service.BotService$$EnhancerBySpringCGLIB$$8fe4d079.getGroupidByUrl(<generated>)
	at com.thinkgem.jeesite.modules.tl.service.BotService$$FastClassBySpringCGLIB$$4c083f95.invoke(<generated>)
	at org.springframework.cglib.proxy.MethodProxy.invoke(MethodProxy.java:204)
	at org.springframework.aop.framework.CglibAopProxy$CglibMethodInvocation.invokeJoinpoint(CglibAopProxy.java:720)
	at org.springframework.aop.framework.ReflectiveMethodInvocation.proceed(ReflectiveMethodInvocation.java:157)
	at org.springframework.transaction.interceptor.TransactionInterceptor$1.proceedWithInvocation(TransactionInterceptor.java:99)
	at org.springframework.transaction.interceptor.TransactionAspectSupport.invokeWithinTransaction(TransactionAspectSupport.java:281)
	at org.springframework.transaction.interceptor.TransactionInterceptor.invoke(TransactionInterceptor.java:96)
	at org.springframework.aop.framework.ReflectiveMethodInvocation.proceed(ReflectiveMethodInvocation.java:179)
	at org.springframework.aop.framework.CglibAopProxy$DynamicAdvisedInterceptor.intercept(CglibAopProxy.java:655)
	at com.thinkgem.jeesite.modules.tl.service.BotService$$EnhancerBySpringCGLIB$$2f17e7c5.getGroupidByUrl(<generated>)
	at com.thinkgem.jeesite.modules.tl.service.JobTaskService.addTasks(JobTaskService.java:103)
	at com.thinkgem.jeesite.modules.tl.service.JobTaskService$$FastClassBySpringCGLIB$$665a8e9a.invoke(<generated>)
	at org.springframework.cglib.proxy.MethodProxy.invoke(MethodProxy.java:204)
	at org.springframework.aop.framework.CglibAopProxy$CglibMethodInvocation.invokeJoinpoint(CglibAopProxy.java:720)
	at org.springframework.aop.framework.ReflectiveMethodInvocation.proceed(ReflectiveMethodInvocation.java:157)
	at org.springframework.transaction.interceptor.TransactionInterceptor$1.proceedWithInvocation(TransactionInterceptor.java:99)
	at org.springframework.transaction.interceptor.TransactionAspectSupport.invokeWithinTransaction(TransactionAspectSupport.java:281)
	at org.springframework.transaction.interceptor.TransactionInterceptor.invoke(TransactionInterceptor.java:96)
	at org.springframework.aop.framework.ReflectiveMethodInvocation.proceed(ReflectiveMethodInvocation.java:179)
	at org.springframework.aop.framework.CglibAopProxy$DynamicAdvisedInterceptor.intercept(CglibAopProxy.java:655)
	at com.thinkgem.jeesite.modules.tl.service.JobTaskService$$EnhancerBySpringCGLIB$$434ec8a8.addTasks(<generated>)
	at com.thinkgem.jeesite.modules.tl.service.JobTaskService$$FastClassBySpringCGLIB$$665a8e9a.invoke(<generated>)
	at org.springframework.cglib.proxy.MethodProxy.invoke(MethodProxy.java:204)
	at org.springframework.aop.framework.CglibAopProxy$CglibMethodInvocation.invokeJoinpoint(CglibAopProxy.java:720)
	at org.springframework.aop.framework.ReflectiveMethodInvocation.proceed(ReflectiveMethodInvocation.java:157)
	at org.springframework.transaction.interceptor.TransactionInterceptor$1.proceedWithInvocation(TransactionInterceptor.java:99)
	at org.springframework.transaction.interceptor.TransactionAspectSupport.invokeWithinTransaction(TransactionAspectSupport.java:281)
	at org.springframework.transaction.interceptor.TransactionInterceptor.invoke(TransactionInterceptor.java:96)
	at org.springframework.aop.framework.ReflectiveMethodInvocation.proceed(ReflectiveMethodInvocation.java:179)
	at org.springframework.aop.framework.CglibAopProxy$DynamicAdvisedInterceptor.intercept(CglibAopProxy.java:655)
	at com.thinkgem.jeesite.modules.tl.service.JobTaskService$$EnhancerBySpringCGLIB$$8dc07042.addTasks(<generated>)
	at com.thinkgem.jeesite.modules.tl.service.JobTaskServiceTests.testAddTasks(JobTaskServiceTests.java:42)
	at sun.reflect.NativeMethodAccessorImpl.invoke0(Native Method)
	at sun.reflect.NativeMethodAccessorImpl.invoke(NativeMethodAccessorImpl.java:62)
	at sun.reflect.DelegatingMethodAccessorImpl.invoke(DelegatingMethodAccessorImpl.java:43)
	at java.lang.reflect.Method.invoke(Method.java:483)
	at org.junit.runners.model.FrameworkMethod$1.runReflectiveCall(FrameworkMethod.java:50)
	at org.junit.internal.runners.model.ReflectiveCallable.run(ReflectiveCallable.java:12)
	at org.junit.runners.model.FrameworkMethod.invokeExplosively(FrameworkMethod.java:47)
	at org.junit.internal.runners.statements.InvokeMethod.evaluate(InvokeMethod.java:17)
	at org.junit.internal.runners.statements.RunBefores.evaluate(RunBefores.java:26)
	at org.springframework.test.context.junit4.statements.RunBeforeTestMethodCallbacks.evaluate(RunBeforeTestMethodCallbacks.java:75)
	at org.springframework.test.context.junit4.statements.RunAfterTestMethodCallbacks.evaluate(RunAfterTestMethodCallbacks.java:86)
	at org.springframework.test.context.junit4.statements.SpringRepeat.evaluate(SpringRepeat.java:84)
	at org.junit.runners.ParentRunner.runLeaf(ParentRunner.java:325)
	at org.springframework.test.context.junit4.SpringJUnit4ClassRunner.runChild(SpringJUnit4ClassRunner.java:252)
	at org.springframework.test.context.junit4.SpringJUnit4ClassRunner.runChild(SpringJUnit4ClassRunner.java:94)
	at org.junit.runners.ParentRunner$3.run(ParentRunner.java:290)
	at org.junit.runners.ParentRunner$1.schedule(ParentRunner.java:71)
	at org.junit.runners.ParentRunner.runChildren(ParentRunner.java:288)
	at org.junit.runners.ParentRunner.access$000(ParentRunner.java:58)
	at org.junit.runners.ParentRunner$2.evaluate(ParentRunner.java:268)
	at org.springframework.test.context.junit4.statements.RunBeforeTestClassCallbacks.evaluate(RunBeforeTestClassCallbacks.java:61)
	at org.springframework.test.context.junit4.statements.RunAfterTestClassCallbacks.evaluate(RunAfterTestClassCallbacks.java:70)
	at org.junit.runners.ParentRunner.run(ParentRunner.java:363)
	at org.springframework.test.context.junit4.SpringJUnit4ClassRunner.run(SpringJUnit4ClassRunner.java:191)
	at org.eclipse.jdt.internal.junit4.runner.JUnit4TestReference.run(JUnit4TestReference.java:50)
	at org.eclipse.jdt.internal.junit.runner.TestExecution.run(TestExecution.java:38)
	at org.eclipse.jdt.internal.junit.runner.RemoteTestRunner.runTests(RemoteTestRunner.java:459)
	at org.eclipse.jdt.internal.junit.runner.RemoteTestRunner.runTests(RemoteTestRunner.java:675)
	at org.eclipse.jdt.internal.junit.runner.RemoteTestRunner.run(RemoteTestRunner.java:382)
	at org.eclipse.jdt.internal.junit.runner.RemoteTestRunner.main(RemoteTestRunner.java:192)

[30_6_2018_0:32:48] {INFO} KERNELMAIN - --------------KERNEL CREATED--------------
[30_6_2018_0:32:49] {WARNING} KernelPersistence - Loaded state in 9 ms
[30_6_2018_0:32:49] {INFO} KERNELCOMM - java.io.FileNotFoundException: \dev\urandom (系统找不到指定的路径。)	at java.io.FileInputStream.open(Native Method)
	at java.io.FileInputStream.<init>(FileInputStream.java:138)
	at org.telegram.bot.kernel.KernelComm.<init>(KernelComm.java:88)
	at org.telegram.bot.kernel.TelegramBot.createKernelComm(TelegramBot.java:146)
	at org.telegram.bot.kernel.TelegramBot.init(TelegramBot.java:95)
	at org.telegram.plugins.xuser.XUserBot.start(XUserBot.java:118)
	at com.thinkgem.jeesite.modules.tl.service.BotService.start(BotService.java:183)
	at com.thinkgem.jeesite.modules.tl.service.BotService.getBotByPhone(BotService.java:456)
	at com.thinkgem.jeesite.modules.tl.service.BotService.getGroupidByUrl(BotService.java:547)
	at com.thinkgem.jeesite.modules.tl.service.BotService$$FastClassBySpringCGLIB$$4c083f95.invoke(<generated>)
	at org.springframework.cglib.proxy.MethodProxy.invoke(MethodProxy.java:204)
	at org.springframework.aop.framework.CglibAopProxy$CglibMethodInvocation.invokeJoinpoint(CglibAopProxy.java:720)
	at org.springframework.aop.framework.ReflectiveMethodInvocation.proceed(ReflectiveMethodInvocation.java:157)
	at org.springframework.transaction.interceptor.TransactionInterceptor$1.proceedWithInvocation(TransactionInterceptor.java:99)
	at org.springframework.transaction.interceptor.TransactionAspectSupport.invokeWithinTransaction(TransactionAspectSupport.java:281)
	at org.springframework.transaction.interceptor.TransactionInterceptor.invoke(TransactionInterceptor.java:96)
	at org.springframework.aop.framework.ReflectiveMethodInvocation.proceed(ReflectiveMethodInvocation.java:179)
	at org.springframework.aop.framework.CglibAopProxy$DynamicAdvisedInterceptor.intercept(CglibAopProxy.java:655)
	at com.thinkgem.jeesite.modules.tl.service.BotService$$EnhancerBySpringCGLIB$$49f95405.getGroupidByUrl(<generated>)
	at com.thinkgem.jeesite.modules.tl.service.BotService$$FastClassBySpringCGLIB$$4c083f95.invoke(<generated>)
	at org.springframework.cglib.proxy.MethodProxy.invoke(MethodProxy.java:204)
	at org.springframework.aop.framework.CglibAopProxy$CglibMethodInvocation.invokeJoinpoint(CglibAopProxy.java:720)
	at org.springframework.aop.framework.ReflectiveMethodInvocation.proceed(ReflectiveMethodInvocation.java:157)
	at org.springframework.transaction.interceptor.TransactionInterceptor$1.proceedWithInvocation(TransactionInterceptor.java:99)
	at org.springframework.transaction.interceptor.TransactionAspectSupport.invokeWithinTransaction(TransactionAspectSupport.java:281)
	at org.springframework.transaction.interceptor.TransactionInterceptor.invoke(TransactionInterceptor.java:96)
	at org.springframework.aop.framework.ReflectiveMethodInvocation.proceed(ReflectiveMethodInvocation.java:179)
	at org.springframework.aop.framework.CglibAopProxy$DynamicAdvisedInterceptor.intercept(CglibAopProxy.java:655)
	at com.thinkgem.jeesite.modules.tl.service.BotService$$EnhancerBySpringCGLIB$$e92c6b51.getGroupidByUrl(<generated>)
	at com.thinkgem.jeesite.modules.tl.service.JobTaskService.addTasks(JobTaskService.java:103)
	at com.thinkgem.jeesite.modules.tl.service.JobTaskService$$FastClassBySpringCGLIB$$665a8e9a.invoke(<generated>)
	at org.springframework.cglib.proxy.MethodProxy.invoke(MethodProxy.java:204)
	at org.springframework.aop.framework.CglibAopProxy$CglibMethodInvocation.invokeJoinpoint(CglibAopProxy.java:720)
	at org.springframework.aop.framework.ReflectiveMethodInvocation.proceed(ReflectiveMethodInvocation.java:157)
	at org.springframework.transaction.interceptor.TransactionInterceptor$1.proceedWithInvocation(TransactionInterceptor.java:99)
	at org.springframework.transaction.interceptor.TransactionAspectSupport.invokeWithinTransaction(TransactionAspectSupport.java:281)
	at org.springframework.transaction.interceptor.TransactionInterceptor.invoke(TransactionInterceptor.java:96)
	at org.springframework.aop.framework.ReflectiveMethodInvocation.proceed(ReflectiveMethodInvocation.java:179)
	at org.springframework.aop.framework.CglibAopProxy$DynamicAdvisedInterceptor.intercept(CglibAopProxy.java:655)
	at com.thinkgem.jeesite.modules.tl.service.JobTaskService$$EnhancerBySpringCGLIB$$fd634c34.addTasks(<generated>)
	at com.thinkgem.jeesite.modules.tl.service.JobTaskService$$FastClassBySpringCGLIB$$665a8e9a.invoke(<generated>)
	at org.springframework.cglib.proxy.MethodProxy.invoke(MethodProxy.java:204)
	at org.springframework.aop.framework.CglibAopProxy$CglibMethodInvocation.invokeJoinpoint(CglibAopProxy.java:720)
	at org.springframework.aop.framework.ReflectiveMethodInvocation.proceed(ReflectiveMethodInvocation.java:157)
	at org.springframework.transaction.interceptor.TransactionInterceptor$1.proceedWithInvocation(TransactionInterceptor.java:99)
	at org.springframework.transaction.interceptor.TransactionAspectSupport.invokeWithinTransaction(TransactionAspectSupport.java:281)
	at org.springframework.transaction.interceptor.TransactionInterceptor.invoke(TransactionInterceptor.java:96)
	at org.springframework.aop.framework.ReflectiveMethodInvocation.proceed(ReflectiveMethodInvocation.java:179)
	at org.springframework.aop.framework.CglibAopProxy$DynamicAdvisedInterceptor.intercept(CglibAopProxy.java:655)
	at com.thinkgem.jeesite.modules.tl.service.JobTaskService$$EnhancerBySpringCGLIB$$47d4f3ce.addTasks(<generated>)
	at com.thinkgem.jeesite.modules.tl.service.JobTaskServiceTests.testAddTasks(JobTaskServiceTests.java:42)
	at sun.reflect.NativeMethodAccessorImpl.invoke0(Native Method)
	at sun.reflect.NativeMethodAccessorImpl.invoke(NativeMethodAccessorImpl.java:62)
	at sun.reflect.DelegatingMethodAccessorImpl.invoke(DelegatingMethodAccessorImpl.java:43)
	at java.lang.reflect.Method.invoke(Method.java:483)
	at org.junit.runners.model.FrameworkMethod$1.runReflectiveCall(FrameworkMethod.java:50)
	at org.junit.internal.runners.model.ReflectiveCallable.run(ReflectiveCallable.java:12)
	at org.junit.runners.model.FrameworkMethod.invokeExplosively(FrameworkMethod.java:47)
	at org.junit.internal.runners.statements.InvokeMethod.evaluate(InvokeMethod.java:17)
	at org.junit.internal.runners.statements.RunBefores.evaluate(RunBefores.java:26)
	at org.springframework.test.context.junit4.statements.RunBeforeTestMethodCallbacks.evaluate(RunBeforeTestMethodCallbacks.java:75)
	at org.springframework.test.context.junit4.statements.RunAfterTestMethodCallbacks.evaluate(RunAfterTestMethodCallbacks.java:86)
	at org.springframework.test.context.junit4.statements.SpringRepeat.evaluate(SpringRepeat.java:84)
	at org.junit.runners.ParentRunner.runLeaf(ParentRunner.java:325)
	at org.springframework.test.context.junit4.SpringJUnit4ClassRunner.runChild(SpringJUnit4ClassRunner.java:252)
	at org.springframework.test.context.junit4.SpringJUnit4ClassRunner.runChild(SpringJUnit4ClassRunner.java:94)
	at org.junit.runners.ParentRunner$3.run(ParentRunner.java:290)
	at org.junit.runners.ParentRunner$1.schedule(ParentRunner.java:71)
	at org.junit.runners.ParentRunner.runChildren(ParentRunner.java:288)
	at org.junit.runners.ParentRunner.access$000(ParentRunner.java:58)
	at org.junit.runners.ParentRunner$2.evaluate(ParentRunner.java:268)
	at org.springframework.test.context.junit4.statements.RunBeforeTestClassCallbacks.evaluate(RunBeforeTestClassCallbacks.java:61)
	at org.springframework.test.context.junit4.statements.RunAfterTestClassCallbacks.evaluate(RunAfterTestClassCallbacks.java:70)
	at org.junit.runners.ParentRunner.run(ParentRunner.java:363)
	at org.springframework.test.context.junit4.SpringJUnit4ClassRunner.run(SpringJUnit4ClassRunner.java:191)
	at org.eclipse.jdt.internal.junit4.runner.JUnit4TestReference.run(JUnit4TestReference.java:50)
	at org.eclipse.jdt.internal.junit.runner.TestExecution.run(TestExecution.java:38)
	at org.eclipse.jdt.internal.junit.runner.RemoteTestRunner.runTests(RemoteTestRunner.java:459)
	at org.eclipse.jdt.internal.junit.runner.RemoteTestRunner.runTests(RemoteTestRunner.java:675)
	at org.eclipse.jdt.internal.junit.runner.RemoteTestRunner.run(RemoteTestRunner.java:382)
	at org.eclipse.jdt.internal.junit.runner.RemoteTestRunner.main(RemoteTestRunner.java:192)

[30_6_2018_0:32:49] {INFO} KERNELMAIN - org.telegram.bot.kernel.KernelComm init in 165 ms
[30_6_2018_0:32:49] {INFO} KERNELMAIN - org.telegram.bot.kernel.KernelAuth init in 189 ms
[30_6_2018_0:32:54] {INFO} KERNELMAIN - org.telegram.bot.kernel.KernelComm init in 5103 ms
[30_6_2018_0:32:54] {INFO} KERNELAUTH - Found Auth file
[30_6_2018_0:32:54] {INFO} KERNELMAIN - org.telegram.bot.kernel.KernelAuth started in 9 ms
[30_6_2018_0:32:54] {INFO} KERNELMAIN - org.telegram.bot.kernel.MainHandler init in 53 ms
[30_6_2018_0:32:54] {INFO} KERNELMAIN - ----------------BOT READY-----------------
[30_6_2018_0:32:54] {INFO} KERNELMAIN - org.telegram.bot.kernel.KernelAuth init in 0 ms
